npm warn deprecated rimraf@2.7.1: Rimraf versions prior to v4 are no longer supported
npm warn deprecated inflight@1.0.6: This module is not supported, and leaks memory. Do not use it. Check out lru-cache if you want a good and tested way to coalesce async requests by a key value, which is much more comprehensive and powerful.
npm warn deprecated lodash.isequal@4.5.0: This package is deprecated. Use require('node:util').isDeepStrictEqual instead.
npm warn deprecated glob@7.2.3: Old versions of glob are not supported, and contain widely publicized security vulnerabilities, which have been fixed in the current version. Please update. Support for old versions may be purchased (at exorbitant rates) by contacting i@izs.me
npm warn deprecated fstream@1.0.12: This package is no longer supported.
npm warn deprecated uuid@8.3.2: uuid@10 and below is no longer supported.  For ESM codebases, update to uuid@latest.  For CommonJS codebases, use uuid@11 (but be aware this version will likely be deprecated in 2028).

added 231 packages in 16s

> perfios-pricing-engine@0.1.0 test
> vitest run


[1m[7m[36m RUN [39m[27m[22m [36mv2.1.9 [39m[90m/home/runner/work/Perfios-Pricing-Engine/Perfios-Pricing-Engine[39m

 [32m✓[39m src/am/wizard.test.ts [2m([22m[2m57 tests[22m[2m)[22m[90m 61[2mms[22m[39m
 [32m✓[39m src/lib/engine2/engine2.test.ts [2m([22m[2m21 tests[22m[2m)[22m[90m 267[2mms[22m[39m
 [32m✓[39m src/lib/proposal/formats/formats.test.ts [2m([22m[2m92 tests[22m[2m)[22m[90m 113[2mms[22m[39m
 [32m✓[39m src/lib/proposal/pricingOverrides.test.ts [2m([22m[2m17 tests[22m[2m)[22m[90m 44[2mms[22m[39m
 [32m✓[39m src/admin/rateCard/rateCardPage.test.ts [2m([22m[2m17 tests[22m[2m)[22m[90m 65[2mms[22m[39m
 [32m✓[39m src/lib/questionnaire.test.ts [2m([22m[2m12 tests[22m[2m)[22m[33m 389[2mms[22m[39m
 [32m✓[39m src/lib/engine/engine.test.ts [2m([22m[2m14 tests[22m[2m)[22m[90m 15[2mms[22m[39m
 [32m✓[39m src/lib/proposal/questionnaireImport.test.ts [2m([22m[2m36 tests[22m[2m)[22m[90m 16[2mms[22m[39m
 [32m✓[39m src/lib/proposal/narrative.test.ts [2m([22m[2m10 tests[22m[2m)[22m[90m 46[2mms[22m[39m
 [32m✓[39m src/lib/proposal/wordExport.test.ts [2m([22m[2m13 tests[22m[2m)[22m[90m 150[2mms[22m[39m
 [32m✓[39m src/lib/proposal/questionnaireRoundtrip.test.ts [2m([22m[2m7 tests[22m[2m)[22m[90m 216[2mms[22m[39m
 [32m✓[39m src/lib/rateCard/repo.test.ts [2m([22m[2m15 tests[22m[2m)[22m[90m 19[2mms[22m[39m
 [32m✓[39m src/lib/breakdown.test.ts [2m([22m[2m12 tests[22m[2m)[22m[90m 12[2mms[22m[39m
 [32m✓[39m src/lib/proposal/bomData.test.ts [2m([22m[2m19 tests[22m[2m)[22m[90m 33[2mms[22m[39m
 [32m✓[39m src/lib/config/validateDraft.test.ts [2m([22m[2m8 tests[22m[2m)[22m[90m 13[2mms[22m[39m
 [32m✓[39m src/lib/rateCard/validate.test.ts [2m([22m[2m10 tests[22m[2m)[22m[90m 20[2mms[22m[39m
 [32m✓[39m src/lib/engine/money.test.ts [2m([22m[2m4 tests[22m[2m)[22m[90m 5[2mms[22m[39m
 [32m✓[39m src/lib/config/buildSnapshot.test.ts [2m([22m[2m3 tests[22m[2m)[22m[90m 20[2mms[22m[39m
 [32m✓[39m src/lib/proposal/clientSafe.test.ts [2m([22m[2m3 tests[22m[2m)[22m[90m 6[2mms[22m[39m

[2m Test Files [22m [1m[32m19 passed[39m[22m[90m (19)[39m
[2m      Tests [22m [1m[32m370 passed[39m[22m[90m (370)[39m
[2m   Start at [22m 12:15:43
[2m   Duration [22m 3.63s[2m (transform 1.13s, setup 0ms, collect 3.19s, tests 1.51s, environment 7ms, prepare 2.06s)[22m


> perfios-pricing-engine@0.1.0 build
> tsc --noEmit && vite build

[36mvite v6.4.3 [32mbuilding for production...[36m[39m
transforming...
[32m✓[39m 133 modules transformed.
rendering chunks...
computing gzip size...
[2mdist/[22m[32mindex.html                        [39m[1m[2m    0.41 kB[22m[1m[22m[2m │ gzip:   0.27 kB[22m
[2mdist/[22m[2massets/[22m[32mperfios-logo-DO4eIFMn.png  [39m[1m[2m   47.29 kB[22m[1m[22m
[2mdist/[22m[2massets/[22m[35mindex-Fs8ksH8f.css         [39m[1m[2m   26.10 kB[22m[1m[22m[2m │ gzip:   5.80 kB[22m
[2mdist/[22m[2massets/[22m[36mindex-Dd9TKOtT.js          [39m[1m[33m1,918.82 kB[39m[22m[2m │ gzip: 549.63 kB[22m
[33m
(!) Some chunks are larger than 500 kB after minification. Consider:
- Using dynamic import() to code-split the application
- Use build.rollupOptions.output.manualChunks to improve chunking: https://rollupjs.org/configuration-options/#output-manualchunks
- Adjust chunk size limit for this warning via build.chunkSizeWarningLimit.[39m
[32m✓ built in 6.57s[39m
